19:28:51 **** Incremental Build of configuration Debug for project Gregorian calendar ****
make all 
Building file: ../src/Gregorian calendar.c
Invoking: GCC C Compiler
gcc -O0 -g3 -Wall -c -fmessage-length=0 -MMD -MP -MF"src/Gregorian calendar.d" -MT"src/Gregorian\ calendar.d" -o "src/Gregorian calendar.o" "../src/Gregorian calendar.c"
Finished building: ../src/Gregorian calendar.c
 
Building target: Gregorian calendar
Invoking: MacOS X C Linker
gcc  -o "Gregorian calendar"  ./src/Gregorian\ calendar.o   
Finished building target: Gregorian calendar
 
19:28:53 **** Incremental Build of configuration Debug for project Gregorian calendar ****
make all 
make: Nothing to be done for `all'.
20:16:18 **** Incremental Build of configuration Debug for project Gregorian calendar ****
make all 
make: Nothing to be done for `all'.
20:16:19 **** Incremental Build of configuration Debug for project Gregorian calendar ****
make all 
make: Nothing to be done for `all'.
20:16:20 **** Incremental Build of configuration Debug for project Gregorian calendar ****
make all 
make: Nothing to be done for `all'.
20:16:20 **** Incremental Build of configuration Debug for project Gregorian calendar ****
make all 
make: Nothing to be done for `all'.
20:16:24 **** Incremental Build of configuration Debug for project Gregorian calendar ****
make all 
make: Nothing to be done for `all'.
20:16:25 **** Incremental Build of configuration Debug for project Gregorian calendar ****
make all 
make: Nothing to be done for `all'.
20:16:26 **** Incremental Build of configuration Debug for project Gregorian calendar ****
make all 
make: Nothing to be done for `all'.
20:16:27 **** Incremental Build of configuration Debug for project Gregorian calendar ****
make all 
make: Nothing to be done for `all'.
20:16:27 **** Incremental Build of configuration Debug for project Gregorian calendar ****
make all 
make: Nothing to be done for `all'.
20:16:29 **** Incremental Build of configuration Debug for project Gregorian calendar ****
make all 
make: Nothing to be done for `all'.
20:17:06 **** Incremental Build of configuration Debug for project Gregorian calendar ****
make all 
make: Nothing to be done for `all'.
20:17:42 **** Incremental Build of configuration Debug for project Gregorian calendar ****
make all 
make: Nothing to be done for `all'.
